
================================= System Management Interface ==================================
================================================================================================
Driver Version: 6.3.31-V1.5.0a
================================================================================================
================================================================================================
HCU[0]		: Device ID: 0x6320
================================================================================================
================================================================================================
HCU[0]		: VBIOS version: 6.314.002400Q.998010
================================================================================================
================================================================================================
HCU[0]		: Temperature (Sensor edge) (C): 52.0
HCU[0]		: Temperature (Sensor junction) (C): 56.0
HCU[0]		: Temperature (Sensor mem) (C): 52.0
HCU[0]		: Temperature (Sensor core) (C): 51.0
================================================================================================
================================================================================================
HCU[0]		: fclk clock level: 0 (1390Mhz)
HCU[0]		: mclk clock level: 0 (1800Mhz)
HCU[0]		: sclk clock level: 1 (600Mhz)
HCU[0]		: socclk clock level: 0 (1079Mhz)
HCU[0]		: pcie clock level: 2 (32.0GT/s, x16 1100Mhz)
================================================================================================
================================================================================================
HCU[0]		: Performance Level: auto
================================================================================================
================================================================================================
HCU[0]		: Max Graphics Package Power (W): 1000.0
================================================================================================
================================================================================================
HCU[0]		: Average Graphics Package Power (W): 88.0
HCU[0]		: Average GFX Core Power (W): 15.0
HCU[0]		: Average Memory Power (W): 36.0
================================================================================================
================================================================================================
HCU[0]		: Supported fclk frequencies on HCU 0
HCU[0]		: 0: 1390Mhz *
HCU[0]		:  
HCU[0]		: Supported mclk frequencies on HCU 0
HCU[0]		: 0: 1800Mhz *
HCU[0]		:  
HCU[0]		: Supported sclk frequencies on HCU 0
HCU[0]		: 0: 300Mhz
HCU[0]		: 1: 600Mhz *
HCU[0]		: 2: 800Mhz
HCU[0]		: 3: 1000Mhz
HCU[0]		: 4: 1150Mhz
HCU[0]		: 5: 1220Mhz
HCU[0]		: 6: 1300Mhz
HCU[0]		: 7: 1350Mhz
HCU[0]		: 8: 1400Mhz
HCU[0]		: 9: 1450Mhz
HCU[0]		: 10: 1500Mhz
HCU[0]		: *: 1600Mhz
HCU[0]		:  
HCU[0]		: Supported socclk frequencies on HCU 0
HCU[0]		: 0: 1079Mhz *
HCU[0]		:  
HCU[0]		: Supported pcie frequencies on HCU 0
HCU[0]		: 0: 2.5GT/s, x16 300Mhz
HCU[0]		: 1: 16.0GT/s, x16 800Mhz
HCU[0]		: 2: 32.0GT/s, x16 1100Mhz *
HCU[0]		:  
================================================================================================
================================================================================================
HCU[0]		: HCU use (%): 0.0
================================================================================================
================================================================================================
HCU[0]		: HCU memory use (%): 0
================================================================================================
================================================================================================
HCU[0]		: HCU Memory Vendor: samsung
================================================================================================
================================================================================================
HCU[0]		: PCIe Replay Count: 0
================================================================================================
================================================================================================
HCU[0]		: Serial Number: 01-000206-07SCC2
================================================================================================
================================================================================================
================================================================================================
================================================================================================
HCU[0]		: Voltage (mV): 781
================================================================================================
================================================================================================
HCU[0]		: PCI Bus: 0000:f5:00.0 --> SN: 01-000206-07SCC2
================================================================================================
================================================================================================
HCU[0]		: MEC	Firmware Version:	 50
HCU[0]		: MEC2	Firmware Version:	 50
HCU[0]		: RLC	Firmware Version:	 2
HCU[0]		: SDMA	Firmware Version:	 12
HCU[0]		: SDMA2	Firmware Version:	 12
HCU[0]		: SMC	Firmware Version:	 00.00.00.00
================================================================================================
================================================================================================
HCU[0]		: Card Series:		 BW
HCU[0]		: Card Vendor:		 C-3000 IC Design Co., Ltd.
================================================================================================
================================================================================================
HCU[0]		: No Bad Page! 
================================================================================================
[31mWarning[0m: [2026-07-06 19:58:56.923] One or more commands failed
======================================== End of SMI Log ========================================


================================= System Management Interface ==================================
================================================================================================
HCU  DID   SSID  GFX RAS  SDMA RAS  UMC RAS  VBIOS                 BUS           
0    6320  6330  ENABLED  ENABLED   ENABLED  6.314.002400Q.998010  0000:f5:00.0  
================================================================================================
======================================== End of SMI Log ========================================


================================= System Management Interface ==================================
================================================================================================
HCU[0]		: Card Series:		 BW
HCU[0]		: Card Vendor:		 C-3000 IC Design Co., Ltd.
================================================================================================
================================================================================================
HCU[0]		: CU number: 80
================================================================================================
================================================================================================
HCU[0]		: 1. Available power profile (#1 of 7) CUSTOM
HCU[0]		: 2. Available power profile (#4 of 7) COMPUTE
HCU[0]		: 3. Available power profile (#7 of 7) BOOTUP DEFAULT *
================================================================================================
================================================================================================
HCU[0]		: Available memory size (MiB): 65454
================================================================================================
================================================================================================
HCU[0]	: Bandwidth: | R: 0.00 MB/s           | W: 0.00 MB/s           | R_W: 0.00 MB/s           
HCU[0]	: Bandwidth: | R: 0.00 MB/s           | W: 0.00 MB/s           | R_W: 0.00 MB/s           
================================================================================================
================================================================================================
HCU[0]	:
	| R: 0.00 MB/s           | W: 0.00 MB/s           | R_W: 0.00 MB/s           
HCU[0]	:
	| R: 0.00 MB/s           | W: 0.00 MB/s           | R_W: 0.00 MB/s           
================================================================================================
======================================== End of SMI Log ========================================

