{
  "prompt_file": "/public/home/xdzs2026_c166/testdata/8-16K_throughput.jsonl",
  "prompt_row": 0,
  "prompt_chars": 56507,
  "max_tokens": 96,
  "trace_chunks_requested": 64,
  "content_chunks_seen": 65,
  "traced_chunks": 64,
  "request_wall_ms": 7852.740913,
  "ttft_ms": 3273.566827,
  "trace_wall_ms": 4553.405826,
  "chunk_intervals_ms": [
    70.022904,
    71.444788,
    71.165006,
    71.047464,
    71.103155,
    71.236346,
    71.207686,
    71.401708,
    71.046235,
    71.252066,
    71.142526,
    71.378667,
    71.215767,
    71.314667,
    71.805182,
    72.318558,
    71.473769,
    71.59129,
    71.843702,
    71.444679,
    71.877493,
    70.930353,
    72.266917,
    72.356398,
    70.63601,
    71.998575,
    70.888082,
    71.50948,
    71.191796,
    71.444188,
    71.208776,
    71.295437,
    71.372648,
    71.459689,
    71.301476,
    71.358358,
    71.937774,
    71.356657,
    71.186746,
    71.139846,
    71.325767,
    71.366438,
    71.340027,
    71.255196,
    71.384248,
    71.275207,
    71.258907,
    71.407528,
    71.146025,
    72.134856,
    70.944483,
    71.253717,
    71.277797,
    71.408528,
    71.303017,
    71.543269,
    71.314697,
    71.53159,
    71.377908,
    71.193466,
    71.492329,
    71.171685,
    71.286917
  ],
  "controls": [
    {
      "action": "--start",
      "returncode": 0,
      "stdout": "",
      "stderr": "",
      "elapsed_ms": 17.21159
    },
    {
      "action": "--stop",
      "returncode": 0,
      "stdout": "",
      "stderr": "",
      "elapsed_ms": 10.206376
    },
    {
      "action": "--flush",
      "returncode": 0,
      "stdout": "",
      "stderr": "",
      "elapsed_ms": 8.488638
    }
  ]
}
